<?xml version="1.0" encoding="UTF-8"?>
<testng-results skipped="0" failed="0" ignored="0" total="1" passed="1">
  <reporter-output>
  </reporter-output>
  <suite name="Suite" duration-ms="2001" started-at="2020-12-14T06:35:25Z" finished-at="2020-12-14T06:35:27Z">
    <groups>
    </groups>
    <test name="Test" duration-ms="2001" started-at="2020-12-14T06:35:25Z" finished-at="2020-12-14T06:35:27Z">
      <class name="test.TestSuccessfulLogin">
        <test-method status="PASS" signature="beforeTest()[pri:0, instance:test.TestSuccessfulLogin@289d1c02]" name="beforeTest" is-config="true" duration-ms="1288" started-at="2020-12-14T00:35:25Z" finished-at="2020-12-14T00:35:26Z">
          <reporter-output>
          </reporter-output>
        </test-method> <!-- beforeTest -->
        <test-method status="PASS" signature="testSuccessfullLogin()[pri:0, instance:test.TestSuccessfulLogin@289d1c02]" name="testSuccessfullLogin" duration-ms="636" started-at="2020-12-14T00:35:26Z" finished-at="2020-12-14T00:35:27Z">
          <reporter-output>
          </reporter-output>
        </test-method> <!-- testSuccessfullLogin -->
        <test-method status="PASS" signature="afterTest()[pri:0, instance:test.TestSuccessfulLogin@289d1c02]" name="afterTest" is-config="true" duration-ms="65" started-at="2020-12-14T00:35:27Z" finished-at="2020-12-14T00:35:27Z">
          <reporter-output>
          </reporter-output>
        </test-method> <!-- afterTest -->
      </class> <!-- test.TestSuccessfulLogin -->
    </test> <!-- Test -->
  </suite> <!-- Suite -->
</testng-results>
